============================= test session starts ==============================
platform darwin -- Python 3.11.15, pytest-9.1.1, pluggy-1.6.0 -- /Users/jie/.hermes/hermes-agent/venv/bin/python
cachedir: .pytest_cache
rootdir: /Users/jie/code/great-skill-center/github-repo-evaluator
plugins: cov-7.1.0, anyio-4.13.0
collecting ... collected 28 items

tests/test_evaluator.py::TestExtractRepoInfo::test_invalid_url_empty PASSED [  3%]
tests/test_evaluator.py::TestExtractRepoInfo::test_invalid_url_raises_error PASSED [  7%]
tests/test_evaluator.py::TestExtractRepoInfo::test_org_with_dots PASSED  [ 10%]
tests/test_evaluator.py::TestExtractRepoInfo::test_standard_url PASSED   [ 14%]
tests/test_evaluator.py::TestExtractRepoInfo::test_url_with_git_suffix PASSED [ 17%]
tests/test_evaluator.py::TestExtractRepoInfo::test_url_with_path_after_repo PASSED [ 21%]
tests/test_evaluator.py::TestExtractRepoInfo::test_url_with_trailing_slash PASSED [ 25%]
tests/test_evaluator.py::TestIsRecentlyUpdated::test_boundary_date_outside_threshold PASSED [ 28%]
tests/test_evaluator.py::TestIsRecentlyUpdated::test_boundary_date_within_threshold PASSED [ 32%]
tests/test_evaluator.py::TestIsRecentlyUpdated::test_empty_date_returns_false PASSED [ 35%]
tests/test_evaluator.py::TestIsRecentlyUpdated::test_invalid_date_format_returns_false PASSED [ 39%]
tests/test_evaluator.py::TestIsRecentlyUpdated::test_none_date_returns_false PASSED [ 42%]
tests/test_evaluator.py::TestIsRecentlyUpdated::test_recent_date_returns_true PASSED [ 46%]
tests/test_evaluator.py::TestIsRecentlyUpdated::test_very_old_date_returns_false PASSED [ 50%]
tests/test_evaluator.py::TestEvaluatorDecisions::test_high_score_download PASSED [ 53%]
tests/test_evaluator.py::TestEvaluatorDecisions::test_low_score_close PASSED [ 57%]
tests/test_evaluator.py::TestEvaluatorDecisions::test_medium_score_watch PASSED [ 60%]
tests/test_evaluator.py::TestDimensionScoring::test_abandoned_project_scores_low PASSED [ 64%]
tests/test_evaluator.py::TestDimensionScoring::test_active_maintenance_scores_high PASSED [ 67%]
tests/test_evaluator.py::TestDimensionScoring::test_clear_purpose_scores_high PASSED [ 71%]
tests/test_evaluator.py::TestDimensionScoring::test_official_release_scores_high PASSED [ 75%]
tests/test_evaluator.py::TestDimensionScoring::test_partial_purpose_scores_medium PASSED [ 78%]
tests/test_evaluator.py::TestDimensionScoring::test_source_only_scores_low PASSED [ 82%]
tests/test_evaluator.py::TestDimensionScoring::test_vague_purpose_scores_low PASSED [ 85%]
tests/test_evaluator.py::TestReportGeneration::test_report_contains_required_fields PASSED [ 89%]
tests/test_evaluator.py::TestReportGeneration::test_report_format_is_consistent PASSED [ 92%]
tests/test_evaluator.py::TestEdgeCases::test_url_case_sensitivity PASSED [ 96%]
tests/test_evaluator.py::TestEdgeCases::test_very_long_repo_name PASSED  [100%]

============================== 28 passed in 0.04s ==============================
